Using pre-set license
Built from '2021.3/staging' branch; Version is '2021.3.19f1 (c9714fde33b6) revision 13201743'; Using compiler version '192829333'; Build Type 'Release'
OS: 'Windows 11  (10.0.22621) 64bit CoreSingleLanguage' Language: 'en' Physical Memory: 7521 MB
BatchMode: 1, IsHumanControllingUs: 0, StartBugReporterOnCrash: 0, Is64bit: 1, IsPro: 1

COMMAND LINE ARGUMENTS:
D:\unity\Hub\editor\2021.3.19f1\Editor\Unity.exe
-adb2
-batchMode
-noUpm
-name
AssetImportWorker1
-projectPath
D:/unity/project/Coding Inspiration
-logFile
Logs/AssetImportWorker1.log
-srvPort
59169
Successfully changed project path to: D:/unity/project/Coding Inspiration
D:/unity/project/Coding Inspiration
[UnityMemory] Configuration Parameters - Can be set up in boot.config
    "memorysetup-bucket-allocator-granularity=16"
    "memorysetup-bucket-allocator-bucket-count=8"
    "memorysetup-bucket-allocator-block-size=33554432"
    "memorysetup-bucket-allocator-block-count=8"
    "memorysetup-main-allocator-block-size=16777216"
    "memorysetup-thread-allocator-block-size=16777216"
    "memorysetup-gfx-main-allocator-block-size=16777216"
    "memorysetup-gfx-thread-allocator-block-size=16777216"
    "memorysetup-cache-allocator-block-size=4194304"
    "memorysetup-typetree-allocator-block-size=2097152"
    "memorysetup-profiler-bucket-allocator-granularity=16"
    "memorysetup-profiler-bucket-allocator-bucket-count=8"
    "memorysetup-profiler-bucket-allocator-block-size=33554432"
    "memorysetup-profiler-bucket-allocator-block-count=8"
    "memorysetup-profiler-allocator-block-size=16777216"
    "memorysetup-profiler-editor-allocator-block-size=1048576"
    "memorysetup-temp-allocator-size-main=16777216"
    "memorysetup-job-temp-allocator-block-size=2097152"
    "memorysetup-job-temp-allocator-block-size-background=1048576"
    "memorysetup-job-temp-allocator-reduction-small-platforms=262144"
    "memorysetup-temp-allocator-size-background-worker=32768"
    "memorysetup-temp-allocator-size-job-worker=262144"
    "memorysetup-temp-allocator-size-preload-manager=33554432"
    "memorysetup-temp-allocator-size-nav-mesh-worker=65536"
    "memorysetup-temp-allocator-size-audio-worker=65536"
    "memorysetup-temp-allocator-size-cloud-worker=32768"
    "memorysetup-temp-allocator-size-gi-baking-worker=262144"
    "memorysetup-temp-allocator-size-gfx=262144"
Player connection [14788] Host "[IP] 192.168.1.7 [Port] 0 [Flags] 2 [Guid] 885011960 [EditorId] 885011960 [Version] 1048832 [Id] WindowsEditor(7,LAPTOP-61JK9P6Q) [Debug] 1 [PackageName] WindowsEditor [ProjectName] Editor" joined multi-casting on [225.0.0.222:54997]...

Player connection [14788] Host "[IP] 192.168.1.7 [Port] 0 [Flags] 2 [Guid] 885011960 [EditorId] 885011960 [Version] 1048832 [Id] WindowsEditor(7,LAPTOP-61JK9P6Q) [Debug] 1 [PackageName] WindowsEditor [ProjectName] Editor" joined alternative multi-casting on [225.0.0.222:34997]...

received signal from system: SIGSEGV
Obtained 24 stack frames
0x00007ff60266b56d (Unity) 
0x00007ff602672129 (Unity) 
0x00007ff6035f94e3 (Unity) 
0x00007ff602671166 (Unity) 
0x00007ff60266ab9c (Unity) 
0x00007ff604a20dbe (Unity) 
0x00007ff604ae2688 (Unity) 
0x00007ff6049ed6f0 (Unity) 
0x00007fffab633dff (ntdll) 
0x00007fffab5ae456 (ntdll) 
0x00007fffab632dee (ntdll) 
0x00007ff601ee15da (Unity) 
0x00007ff601edc520 (Unity) 
0x00007ff601edb3cb (Unity) 
0x00007ff601ee8e34 (Unity) 
0x00007ff601edbaa5 (Unity) 
0x00007ff601edacfd (Unity) 
0x00007ff6020f68b3 (Unity) 
0x00007ff60223d942 (Unity) 
0x00007ff60319c8c1 (Unity) 
0x00007ff603603c48 (Unity) 
0x00007ff6049cb05e (Unity) 
0x00007fffa96326ad (KERNEL32) 
0x00007fffab5eaa68 (ntdll) 

